<?xml version="1.0" encoding="UTF-8"?>
<!-- Generated by org.testng.reporters.JUnitReportReporter -->
<testsuite hostname="user-PC" failures="0" tests="1" name="testClasses.AmazonTest" time="17.211" errors="0" timestamp="2023-07-25T18:56:17 IST" skipped="0">
  <testcase classname="testClasses.AmazonTest" name="amazonTest1" time="17.211"/>
</testsuite> <!-- testClasses.AmazonTest -->
